
Showing logs for build [32mcb-kubecd-environment-pr-191-18-gqtfb-1[0m stage [32mfrom-build-pack[0m and container [32mstep-credential-initializer-kgpct[0m
{"level":"warn","ts":1585601329.8713846,"logger":"fallback-logger","caller":"logging/config.go:69","msg":"Fetch GitHub commit ID from kodata failed: \"ref: refs/heads/0.8.0-**-support-backwards-incompats\" is not a valid GitHub commit ID"}
{"level":"info","ts":1585601329.8718321,"logger":"fallback-logger","caller":"creds-init/main.go:40","msg":"Credentials initialized."}

Showing logs for build [32mcb-kubecd-environment-pr-191-18-gqtfb-1[0m stage [32mfrom-build-pack[0m and container [32mstep-working-dir-initializer-888lb[0m
{"level":"warn","ts":1585601331.3650475,"logger":"fallback-logger","caller":"logging/config.go:69","msg":"Fetch GitHub commit ID from kodata failed: open /var/run/ko/HEAD: no such file or directory"}
{"level":"info","ts":1585601331.3665636,"logger":"fallback-logger","caller":"bash/main.go:64","msg":"Successfully executed command \"sh -c mkdir -p /workspace/source\"; output "}

Showing logs for build [32mcb-kubecd-environment-pr-191-18-gqtfb-1[0m stage [32mfrom-build-pack[0m and container [32mstep-place-tools[0m

Showing logs for build [32mcb-kubecd-environment-pr-191-18-gqtfb-1[0m stage [32mfrom-build-pack[0m and container [32mstep-git-source-cb-kubecd-environment-pr-191-18-gqtfb-mflp7[0m
{"level":"warn","ts":1585601334.3218522,"logger":"fallback-logger","caller":"logging/config.go:69","msg":"Fetch GitHub commit ID from kodata failed: \"ref: refs/heads/0.8.0-**-support-backwards-incompats\" is not a valid GitHub commit ID"}
{"level":"info","ts":1585601335.4526083,"logger":"fallback-logger","caller":"git/git.go:103","msg":"Successfully cloned https://github.com/cb-kubecd/environment-pr-191-181-boot-gke-staging.git @ master in path /workspace/source"}

Showing logs for build [32mcb-kubecd-environment-pr-191-18-gqtfb-1[0m stage [32mfrom-build-pack[0m and container [32mstep-git-merge[0m
Using SHAs from PULL_REFS=master:06a1d3e197d14b3beda41d106b1d686058c1a84d,2:5fe36a1ac12afb2523c47d060d2fba087898190b
DEBUG: LC_ALL=C JX_LOG_LEVEL=error git fetch origin --unshallow 5fe36a1ac12afb2523c47d060d2fba087898190b: 06a1d3e197d14b3beda41d106b1d686058c1a84d:
DEBUG: ran git fetch --unshallow origin 5fe36a1ac12afb2523c47d060d2fba087898190b: 06a1d3e197d14b3beda41d106b1d686058c1a84d: in 
DEBUG: JX_LOG_LEVEL=error LC_ALL=C git branch
DEBUG: LC_ALL=C JX_LOG_LEVEL=error git checkout master
DEBUG: ran git checkout master in 
DEBUG: LC_ALL=C JX_LOG_LEVEL=error git reset --hard 06a1d3e197d14b3beda41d106b1d686058c1a84d
DEBUG: ran git reset --hard 06a1d3e197d14b3beda41d106b1d686058c1a84d in 
DEBUG: LC_ALL=C JX_LOG_LEVEL=error git clean -fd .
DEBUG: ran clean --force -d . in 
DEBUG: JX_LOG_LEVEL=error LC_ALL=C git merge 5fe36a1ac12afb2523c47d060d2fba087898190b
DEBUG: ran git merge 5fe36a1ac12afb2523c47d060d2fba087898190b in 
DEBUG: LC_ALL=C JX_LOG_LEVEL=error git log --format=%H%x1f%an%x1f%ae%x1f%cn%x1f%ce%x1f%s%n%b%x1e 06a1d3e197d14b3beda41d106b1d686058c1a84d..HEAD
Merged SHA 5fe36a1ac12afb2523c47d060d2fba087898190b with commit message 'chore: Promote bdd-gh-1585601018 to version 0.0.1' into base branch master

Showing logs for build [32mcb-kubecd-environment-pr-191-18-gqtfb-1[0m stage [32mfrom-build-pack[0m and container [32mstep-build-helm-build[0m
WARNING: No $CHART_REPOSITORY defined so using the default value of: http://jenkins-x-chartmuseum:8080
Adding missing Helm repo: storage.googleapis.com https://storage.googleapis.com/chartmuseum.jenkins-x.io
WARNING: No secrets found on "helm/repos" due: reading the secret "helm/repos" from vault: no secret "helm/repos" not found in vault
Read credentials for https://storage.googleapis.com/chartmuseum.jenkins-x.io from vault helm/repos
Successfully added Helm repository storage.googleapis.com.
Adding missing Helm repo: jenkins-x-chartmuseum http://jenkins-x-chartmuseum:8080
WARNING: No secrets found on "helm/repos" due: reading the secret "helm/repos" from vault: no secret "helm/repos" not found in vault
Read credentials for http://jenkins-x-chartmuseum:8080 from vault helm/repos
Successfully added Helm repository jenkins-x-chartmuseum.
WARNING: No $CHART_REPOSITORY defined so using the default value of: http://jenkins-x-chartmuseum:8080
Adding missing Helm repo: chartmuseum.jenkins-x.io http://chartmuseum.jenkins-x.io
WARNING: No secrets found on "helm/repos" due: reading the secret "helm/repos" from vault: no secret "helm/repos" not found in vault
Read credentials for http://chartmuseum.jenkins-x.io from vault helm/repos
Successfully added Helm repository chartmuseum.jenkins-x.io.
