
Showing logs for build [32mcb-kubecd-environment-pr-191-18-rpf22-1[0m stage [32mfrom-build-pack[0m and container [32mstep-credential-initializer-bg77q[0m
{"level":"warn","ts":1585604561.9616885,"logger":"fallback-logger","caller":"logging/config.go:69","msg":"Fetch GitHub commit ID from kodata failed: \"ref: refs/heads/0.8.0-**-support-backwards-incompats\" is not a valid GitHub commit ID"}
{"level":"info","ts":1585604561.9650204,"logger":"fallback-logger","caller":"creds-init/main.go:40","msg":"Credentials initialized."}

Showing logs for build [32mcb-kubecd-environment-pr-191-18-rpf22-1[0m stage [32mfrom-build-pack[0m and container [32mstep-working-dir-initializer-znkp8[0m
{"level":"warn","ts":1585604562.6076014,"logger":"fallback-logger","caller":"logging/config.go:69","msg":"Fetch GitHub commit ID from kodata failed: open /var/run/ko/HEAD: no such file or directory"}
{"level":"info","ts":1585604562.616241,"logger":"fallback-logger","caller":"bash/main.go:64","msg":"Successfully executed command \"sh -c mkdir -p /workspace/source\"; output "}

Showing logs for build [32mcb-kubecd-environment-pr-191-18-rpf22-1[0m stage [32mfrom-build-pack[0m and container [32mstep-place-tools[0m

Showing logs for build [32mcb-kubecd-environment-pr-191-18-rpf22-1[0m stage [32mfrom-build-pack[0m and container [32mstep-git-source-cb-kubecd-environment-pr-191-18-rpf22-ldzsn[0m
{"level":"warn","ts":1585604567.0040667,"logger":"fallback-logger","caller":"logging/config.go:69","msg":"Fetch GitHub commit ID from kodata failed: \"ref: refs/heads/0.8.0-**-support-backwards-incompats\" is not a valid GitHub commit ID"}
{"level":"info","ts":1585604568.1879494,"logger":"fallback-logger","caller":"git/git.go:103","msg":"Successfully cloned https://github.com/cb-kubecd/environment-pr-191-181-boot-gke-staging.git @ master in path /workspace/source"}

Showing logs for build [32mcb-kubecd-environment-pr-191-18-rpf22-1[0m stage [32mfrom-build-pack[0m and container [32mstep-git-merge[0m
Using SHAs from PULL_REFS=master:c7b99d1b5f99d4a3b66dbcb3e8671e18846be509,7:10bf484487a242def0950d3a282e623be39b63ca
DEBUG: LC_ALL=C JX_LOG_LEVEL=error git fetch origin --unshallow 10bf484487a242def0950d3a282e623be39b63ca: c7b99d1b5f99d4a3b66dbcb3e8671e18846be509:
DEBUG: ran git fetch --unshallow origin 10bf484487a242def0950d3a282e623be39b63ca: c7b99d1b5f99d4a3b66dbcb3e8671e18846be509: in 
DEBUG: LC_ALL=C JX_LOG_LEVEL=error git branch
DEBUG: LC_ALL=C JX_LOG_LEVEL=error git checkout master
DEBUG: ran git checkout master in 
DEBUG: LC_ALL=C JX_LOG_LEVEL=error git reset --hard c7b99d1b5f99d4a3b66dbcb3e8671e18846be509
DEBUG: ran git reset --hard c7b99d1b5f99d4a3b66dbcb3e8671e18846be509 in 
DEBUG: JX_LOG_LEVEL=error LC_ALL=C git clean -fd .
DEBUG: ran clean --force -d . in 
DEBUG: LC_ALL=C JX_LOG_LEVEL=error git merge 10bf484487a242def0950d3a282e623be39b63ca
DEBUG: ran git merge 10bf484487a242def0950d3a282e623be39b63ca in 
DEBUG: LC_ALL=C JX_LOG_LEVEL=error git log --format=%H%x1f%an%x1f%ae%x1f%cn%x1f%ce%x1f%s%n%b%x1e c7b99d1b5f99d4a3b66dbcb3e8671e18846be509..HEAD
Merged SHA 10bf484487a242def0950d3a282e623be39b63ca with commit message 'chore: Promote bdd-nh-import-1585603411 to version 0.0.1' into base branch master

Showing logs for build [32mcb-kubecd-environment-pr-191-18-rpf22-1[0m stage [32mfrom-build-pack[0m and container [32mstep-build-helm-build[0m
WARNING: No $CHART_REPOSITORY defined so using the default value of: http://jenkins-x-chartmuseum:8080
Adding missing Helm repo: storage.googleapis.com https://storage.googleapis.com/chartmuseum.jenkins-x.io
WARNING: No secrets found on "helm/repos" due: reading the secret "helm/repos" from vault: no secret "helm/repos" not found in vault
Read credentials for https://storage.googleapis.com/chartmuseum.jenkins-x.io from vault helm/repos
Successfully added Helm repository storage.googleapis.com.
Adding missing Helm repo: jenkins-x-chartmuseum http://jenkins-x-chartmuseum:8080
WARNING: No secrets found on "helm/repos" due: reading the secret "helm/repos" from vault: no secret "helm/repos" not found in vault
Read credentials for http://jenkins-x-chartmuseum:8080 from vault helm/repos
Successfully added Helm repository jenkins-x-chartmuseum.
WARNING: No $CHART_REPOSITORY defined so using the default value of: http://jenkins-x-chartmuseum:8080
Adding missing Helm repo: chartmuseum.jenkins-x.io http://chartmuseum.jenkins-x.io
WARNING: No secrets found on "helm/repos" due: reading the secret "helm/repos" from vault: no secret "helm/repos" not found in vault
Read credentials for http://chartmuseum.jenkins-x.io from vault helm/repos
Successfully added Helm repository chartmuseum.jenkins-x.io.
